=== Run information ===

Evaluator:    weka.attributeSelection.WrapperSubsetEval -B weka.classifiers.functions.LinearRegression -F 5 -T 0.01 -R 1 -E DEFAULT -- -S 0 -R 1.0E-8 -num-decimal-places 4
Search:       weka.attributeSelection.BestFirst -D 1 -N 5
Relation:     bn
Instances:    31
Attributes:   31
              S1
              S2
              S3
              S4
              S5
              S6
              S7
              F1
              F2
              F3
              D1
              D2
              D3
              D4
              T1
              T2
              T3
              T4
              P1
              P2
              P3
              P4
              P5
              P6
              P7
              P8
              P9
              Hours
              KLoC
              Language
              Defects
Evaluation mode:    10-fold cross-validation



=== Attribute selection 10 fold cross-validation seed: 1 ===

number of folds (%)  attribute
           3( 30 %)     1 S1
           0(  0 %)     2 S2
           1( 10 %)     3 S3
           0(  0 %)     4 S4
           0(  0 %)     5 S5
           1( 10 %)     6 S6
           6( 60 %)     7 S7
           1( 10 %)     8 F1
           0(  0 %)     9 F2
           1( 10 %)    10 F3
           2( 20 %)    11 D1
           0(  0 %)    12 D2
           7( 70 %)    13 D3
           0(  0 %)    14 D4
           0(  0 %)    15 T1
           1( 10 %)    16 T2
           2( 20 %)    17 T3
           1( 10 %)    18 T4
           0(  0 %)    19 P1
           0(  0 %)    20 P2
           0(  0 %)    21 P3
           2( 20 %)    22 P4
           7( 70 %)    23 P5
           2( 20 %)    24 P6
           1( 10 %)    25 P7
           2( 20 %)    26 P8
           1( 10 %)    27 P9
           1( 10 %)    28 Hours
           8( 80 %)    29 KLoC
           3( 30 %)    30 Language


